Using pre-set license
Built from '2020.3/release' branch; Version is '2020.3.1f1 (77a89f25062f) revision 7841951'; Using compiler version '192528614'; Build Type 'Release'
OS: 'Windows 10 Home; OS build 19042.928; Version 2009; 64bit' Language: 'en' Physical Memory: 16319 MB
BatchMode: 1, IsHumanControllingUs: 0, StartBugReporterOnCrash: 0, Is64bit: 1, IsPro: 0

 COMMAND LINE ARGUMENTS:
E:\Programs\Unity\2020.3.1f1\Editor\Unity.exe
-adb2
-batchMode
-noUpm
-name
AssetImportWorker0
-projectPath
F:/School/2021/Spring2021/SeniorSeminar/BigChungDev/BigChungAssets-full/BigChungAssets-main
-logFile
Logs/AssetImportWorker0.log
-srvPort
53637
Successfully changed project path to: F:/School/2021/Spring2021/SeniorSeminar/BigChungDev/BigChungAssets-full/BigChungAssets-main
F:/School/2021/Spring2021/SeniorSeminar/BigChungDev/BigChungAssets-full/BigChungAssets-main
Using Asset Import Pipeline V2.
Refreshing native plugins compatible for Editor in 47.27 ms, found 1 plugins.
Preloading 0 native plugins for Editor in 0.00 ms.
Initialize engine version: 2020.3.1f1 (77a89f25062f)
[Subsystems] Discovering subsystems at path E:/Programs/Unity/2020.3.1f1/Editor/Data/Resources/UnitySubsystems
[Subsystems] Discovering subsystems at path F:/School/2021/Spring2021/SeniorSeminar/BigChungDev/BigChungAssets-full/BigChungAssets-main/Assets
GfxDevice: creating device client; threaded=0
Direct3D:
    Version:  Direct3D 11.0 [level 11.1]
    Renderer: AMD Radeon RX 5700 XT (ID=0x731f)
    Vendor:   
    VRAM:     8151 MB
    Driver:   27.20.15003.5017
Initialize mono
Mono path[0] = 'E:/Programs/Unity/2020.3.1f1/Editor/Data/Managed'
Mono path[1] = 'E:/Programs/Unity/2020.3.1f1/Editor/Data/MonoBleedingEdge/lib/mono/unityjit'
Mono config path = 'E:/Programs/Unity/2020.3.1f1/Editor/Data/MonoBleedingEdge/etc'
Using monoOptions --debugger-agent=transport=dt_socket,embedding=1,server=y,suspend=n,address=127.0.0.1:56456
Begin MonoManager ReloadAssembly
Registering precompiled unity dll's ...
Register platform support module: E:/Programs/Unity/2020.3.1f1/Editor/Data/PlaybackEngines/WebGLSupport/UnityEditor.WebGL.Extensions.dll
Register platform support module: E:/Programs/Unity/2020.3.1f1/Editor/Data/PlaybackEngines/WindowsStandaloneSupport/UnityEditor.WindowsStandalone.Extensions.dll
Registered in 0.001657 seconds.
Native extension for WindowsStandalone target not found
Native extension for WebGL target not found
Refreshing native plugins compatible for Editor in 47.08 ms, found 1 plugins.
Preloading 0 native plugins for Editor in 0.00 ms.
Invoked RoslynAnalysisRunner static constructor.
RoslynAnalysisRunner will not be running.
RoslynAnalysisRunner has terminated.
Mono: successfully reloaded assembly
- Completed reload, in  2.608 seconds
Platform modules already initialized, skipping
Registering precompiled user dll's ...
Registered in 0.001540 seconds.
Begin MonoManager ReloadAssembly
Native extension for WindowsStandalone target not found
Native extension for WebGL target not found
Refreshing native plugins compatible for Editor in 0.51 ms, found 1 plugins.
Preloading 0 native plugins for Editor in 0.00 ms.
Invoked RoslynAnalysisRunner static constructor.
RoslynAnalysisRunner will not be running.
RoslynAnalysisRunner has terminated.
Mono: successfully reloaded assembly
- Completed reload, in  0.882 seconds
Platform modules already initialized, skipping
========================================================================
Worker process is ready to serve import requests
Shader 'MapMagic/TerrainPreviewURP': fallback shader 'Hidden/Universal Render Pipeline/FallbackError' not found
Shader 'MapMagic/TerrainPreviewURP': dependency 'AddPassShader' shader 'Hidden/Universal Render Pipeline/Terrain/Lit (Add Pass)' not found
Shader 'MapMagic/TerrainPreviewURP': dependency 'BaseMapShader' shader 'Hidden/Universal Render Pipeline/Terrain/Lit (Base Pass)' not found
Shader 'MapMagic/TerrainPreviewURP': dependency 'BaseMapGenShader' shader 'Hidden/Universal Render Pipeline/Terrain/Lit (Basemap Gen)' not found
Shader 'MapMagic/TerrainPreviewHDRP': dependency 'BaseMapShader' shader 'Hidden/HDRP/TerrainLit_Basemap' not found
Shader 'MapMagic/TerrainPreviewHDRP': dependency 'BaseMapGenShader' shader 'Hidden/HDRP/TerrainLit_BasemapGen' not found
Shader 'MapMagic/TerrainPreviewURP': fallback shader 'Hidden/Universal Render Pipeline/FallbackError' not found
Shader 'MapMagic/TerrainPreviewURP': dependency 'AddPassShader' shader 'Hidden/Universal Render Pipeline/Terrain/Lit (Add Pass)' not found
Shader 'MapMagic/TerrainPreviewURP': dependency 'BaseMapShader' shader 'Hidden/Universal Render Pipeline/Terrain/Lit (Base Pass)' not found
Shader 'MapMagic/TerrainPreviewURP': dependency 'BaseMapGenShader' shader 'Hidden/Universal Render Pipeline/Terrain/Lit (Basemap Gen)' not found
Shader 'MapMagic/TerrainPreviewHDRP': dependency 'BaseMapShader' shader 'Hidden/HDRP/TerrainLit_Basemap' not found
Shader 'MapMagic/TerrainPreviewHDRP': dependency 'BaseMapGenShader' shader 'Hidden/HDRP/TerrainLit_BasemapGen' not found
Launched and connected shader compiler UnityShaderCompiler.exe after 0.05 seconds
Refreshing native plugins compatible for Editor in 0.53 ms, found 1 plugins.
Preloading 0 native plugins for Editor in 0.00 ms.
Unloading 1497 Unused Serialized files (Serialized files now loaded: 0)
System memory in use before: 109.9 MB.
System memory in use after: 109.8 MB.

Unloading 16 unused Assets to reduce memory usage. Loaded Objects now: 1967.
Total: 2.216200 ms (FindLiveObjects: 0.189700 ms CreateObjectMapping: 0.035700 ms MarkObjects: 1.773000 ms  DeleteObjects: 0.216500 ms)

========================================================================
Received Import Request.
  path: Assets/SimpleNaturePack
  artifactKey: Guid(26ee4cb6066a79f47aa4f36b6a332c5e) Importer(815301076,1909f56bfc062723c751e8b465ee728b)
Start importing Assets/SimpleNaturePack using Guid(26ee4cb6066a79f47aa4f36b6a332c5e) Importer(815301076,1909f56bfc062723c751e8b465ee728b)  -> (artifact id: '60cd2126f44bbf85e06f8e4529464c9c') in 0.008593 seconds
  Import took 0.011261 seconds .

========================================================================
Received Import Request.
  Time since last request: 68.412852 seconds.
  path: Assets/Assets-Dominic/terrain/New Terrain 4.asset
  artifactKey: Guid(fbeb3c4158004434f9a8abc227742dbb) Importer(815301076,1909f56bfc062723c751e8b465ee728b)
Start importing Assets/Assets-Dominic/terrain/New Terrain 4.asset using Guid(fbeb3c4158004434f9a8abc227742dbb) Importer(815301076,1909f56bfc062723c751e8b465ee728b) The tree Tree Type0 03 must use the Nature/Soft Occlusion shader. Otherwise billboarding/lighting will not work correctly.

The tree Tree Type1 01 must use the Nature/Soft Occlusion shader. Otherwise billboarding/lighting will not work correctly.

The tree Tree Type1 02 must use the Nature/Soft Occlusion shader. Otherwise billboarding/lighting will not work correctly.

The tree Tree Type1 03 must use the Nature/Soft Occlusion shader. Otherwise billboarding/lighting will not work correctly.

The tree Tree Type1 04 must use the Nature/Soft Occlusion shader. Otherwise billboarding/lighting will not work correctly.

The tree Tree Type1 05 must use the Nature/Soft Occlusion shader. Otherwise billboarding/lighting will not work correctly.

The tree Tree Type2 01 must use the Nature/Soft Occlusion shader. Otherwise billboarding/lighting will not work correctly.

The tree Tree Type2 02 must use the Nature/Soft Occlusion shader. Otherwise billboarding/lighting will not work correctly.

The tree Tree Type2 03 must use the Nature/Soft Occlusion shader. Otherwise billboarding/lighting will not work correctly.

The tree Tree Type2 04 must use the Nature/Soft Occlusion shader. Otherwise billboarding/lighting will not work correctly.

The tree Tree Type2 05 must use the Nature/Soft Occlusion shader. Otherwise billboarding/lighting will not work correctly.

The tree Tree Type6 01 must use the Nature/Soft Occlusion shader. Otherwise billboarding/lighting will not work correctly.

The tree Tree Type6 02 must use the Nature/Soft Occlusion shader. Otherwise billboarding/lighting will not work correctly.

The tree Tree Type6 03 must use the Nature/Soft Occlusion shader. Otherwise billboarding/lighting will not work correctly.

The tree Tree Type6 04 must use the Nature/Soft Occlusion shader. Otherwise billboarding/lighting will not work correctly.

 -> (artifact id: 'f61eced58c1a0b90f10cfd72ae78dc3c') in 0.092676 seconds
  Import took 0.096198 seconds .

========================================================================
Received Import Request.
  Time since last request: 6.247223 seconds.
  path: Assets/Assets-Dominic/terrain/New Terrain 5.asset
  artifactKey: Guid(ec86b701d7003894eae97e6e3dc6302f) Importer(815301076,1909f56bfc062723c751e8b465ee728b)
Start importing Assets/Assets-Dominic/terrain/New Terrain 5.asset using Guid(ec86b701d7003894eae97e6e3dc6302f) Importer(815301076,1909f56bfc062723c751e8b465ee728b) The tree Tree Type0 03 must use the Nature/Soft Occlusion shader. Otherwise billboarding/lighting will not work correctly.

The tree Tree Type1 01 must use the Nature/Soft Occlusion shader. Otherwise billboarding/lighting will not work correctly.

The tree Tree Type1 02 must use the Nature/Soft Occlusion shader. Otherwise billboarding/lighting will not work correctly.

The tree Tree Type1 03 must use the Nature/Soft Occlusion shader. Otherwise billboarding/lighting will not work correctly.

The tree Tree Type1 04 must use the Nature/Soft Occlusion shader. Otherwise billboarding/lighting will not work correctly.

The tree Tree Type1 05 must use the Nature/Soft Occlusion shader. Otherwise billboarding/lighting will not work correctly.

The tree Tree Type2 01 must use the Nature/Soft Occlusion shader. Otherwise billboarding/lighting will not work correctly.

The tree Tree Type2 02 must use the Nature/Soft Occlusion shader. Otherwise billboarding/lighting will not work correctly.

The tree Tree Type2 03 must use the Nature/Soft Occlusion shader. Otherwise billboarding/lighting will not work correctly.

The tree Tree Type2 04 must use the Nature/Soft Occlusion shader. Otherwise billboarding/lighting will not work correctly.

The tree Tree Type2 05 must use the Nature/Soft Occlusion shader. Otherwise billboarding/lighting will not work correctly.

The tree Tree Type6 01 must use the Nature/Soft Occlusion shader. Otherwise billboarding/lighting will not work correctly.

The tree Tree Type6 02 must use the Nature/Soft Occlusion shader. Otherwise billboarding/lighting will not work correctly.

The tree Tree Type6 03 must use the Nature/Soft Occlusion shader. Otherwise billboarding/lighting will not work correctly.

The tree Tree Type6 04 must use the Nature/Soft Occlusion shader. Otherwise billboarding/lighting will not work correctly.

 -> (artifact id: '487b4707ba2a08b5f3a4c1dfc8f24886') in 0.030701 seconds
  Import took 0.034146 seconds .

